<?xml version="1.0" encoding="UTF-8"?>
<!-- Generated by org.testng.reporters.JUnitReportReporter -->
<testsuite hostname="DESKTOP-88APSQ7" failures="0" tests="2" name="testNGSessions.OrangeHRMTest" time="0.042" errors="0" timestamp="2024-04-01T10:04:51 IST" skipped="0">
  <testcase classname="testNGSessions.OrangeHRMTest" name="titleTest" time="0.018"/>
  <testcase classname="testNGSessions.OrangeHRMTest" name="urlTest" time="0.024"/>
</testsuite> <!-- testNGSessions.OrangeHRMTest -->
