<?xml version="1.0" encoding="UTF-8"?>
<!-- Generated by org.testng.reporters.JUnitReportReporter -->
<testsuite hostname="DESKTOP-88APSQ7" failures="0" tests="3" name="testNGSessions.OpenCartTest" time="0.051" errors="0" timestamp="2024-03-29T18:47:55 IST" skipped="0">
  <testcase classname="testNGSessions.OpenCartTest" name="urlTest" time="0.019"/>
  <testcase classname="testNGSessions.OpenCartTest" name="titleTest" time="0.008"/>
  <testcase classname="testNGSessions.OpenCartTest" name="headerTest" time="0.024"/>
</testsuite> <!-- testNGSessions.OpenCartTest -->
