<?xml version="1.0" encoding="UTF-8"?>
<!-- Generated by org.testng.reporters.JUnitReportReporter -->
<testsuite hostname="DESKTOP-88APSQ7" failures="0" tests="6" name="testNGSessions.InvocationCount" time="0.018" errors="0" timestamp="2024-03-30T12:01:05 IST" skipped="0">
  <testcase classname="testNGSessions.InvocationCount" name="createUserTest" time="0.002"/>
  <testcase classname="testNGSessions.InvocationCount" name="createUserTest" time="0.001"/>
  <testcase classname="testNGSessions.InvocationCount" name="paymentTest" time="0.004"/>
  <testcase classname="testNGSessions.InvocationCount" name="createUserTest" time="0.002"/>
  <testcase classname="testNGSessions.InvocationCount" name="createUserTest" time="0.001"/>
  <testcase classname="testNGSessions.InvocationCount" name="createUserTest" time="0.008"/>
</testsuite> <!-- testNGSessions.InvocationCount -->
