<?xml version="1.0" encoding="UTF-8"?>
<!-- Generated by org.testng.reporters.JUnitReportReporter -->
<testsuite hostname="DESKTOP-88APSQ7" failures="0" tests="3" name="testNGSessions.GoogleTest" time="1.150" errors="0" timestamp="2024-04-01T10:04:51 IST" skipped="0">
  <testcase classname="testNGSessions.GoogleTest" name="imageTest" time="0.973"/>
  <testcase classname="testNGSessions.GoogleTest" name="urlTest" time="0.058"/>
  <testcase classname="testNGSessions.GoogleTest" name="titleTest" time="0.119"/>
</testsuite> <!-- testNGSessions.GoogleTest -->
