<?xml version="1.0" encoding="UTF-8"?>
<!-- Generated by org.testng.reporters.JUnitReportReporter -->
<testsuite hostname="DESKTOP-88APSQ7" failures="0" tests="3" name="testNGSessions.OpenCartLoginTest" time="0.548" errors="0" timestamp="2024-04-01T10:04:51 IST" skipped="0">
  <testcase classname="testNGSessions.OpenCartLoginTest" name="urlTest" time="0.273"/>
  <testcase classname="testNGSessions.OpenCartLoginTest" name="titleTest" time="0.069"/>
  <testcase classname="testNGSessions.OpenCartLoginTest" name="imageTest" time="0.206"/>
</testsuite> <!-- testNGSessions.OpenCartLoginTest -->
