<?xml version="1.0" encoding="UTF-8"?>
<!-- Generated by org.testng.reporters.JUnitReportReporter -->
<testsuite hostname="DESKTOP-88APSQ7" failures="0" tests="3" name="testNGSessions.OpenCartTestNGAssignment" time="13.767" errors="0" timestamp="2024-03-30T12:41:27 IST" skipped="0">
  <testcase classname="testNGSessions.OpenCartTestNGAssignment" name="validatePageDetails" time="4.188"/>
  <testcase classname="testNGSessions.OpenCartTestNGAssignment" name="loginToApp" time="5.713"/>
  <testcase classname="testNGSessions.OpenCartTestNGAssignment" name="userIsLogin" time="3.866"/>
</testsuite> <!-- testNGSessions.OpenCartTestNGAssignment -->
