<?xml version="1.0" encoding="UTF-8"?>
<!-- Generated by org.testng.reporters.JUnitReportReporter -->
<testsuite hostname="DESKTOP-88APSQ7" failures="0" tests="5" name="testNGSessions.PriorityTest" time="0.034" errors="0" timestamp="2024-03-30T11:31:39 IST" skipped="0">
  <testcase classname="testNGSessions.PriorityTest" name="eTest" time="0.022"/>
  <testcase classname="testNGSessions.PriorityTest" name="aTest" time="0.003"/>
  <testcase classname="testNGSessions.PriorityTest" name="dTest" time="0.001"/>
  <testcase classname="testNGSessions.PriorityTest" name="cTest" time="0.002"/>
  <testcase classname="testNGSessions.PriorityTest" name="bTest" time="0.006"/>
</testsuite> <!-- testNGSessions.PriorityTest -->
